<?xml version="1.0" encoding="UTF-8"?>
<!-- Generated by org.testng.reporters.JUnitReportReporter -->
<testsuite hostname="MAVCHN1121234" failures="0" tests="2" name="Practise.day2" time="0.013" errors="0" timestamp="2024-05-19T00:08:22 IST" skipped="0">
  <testcase classname="Practise.day2" name="demo2" time="0.007"/>
  <testcase classname="Practise.day2" name="demo3" time="0.006"/>
</testsuite> <!-- Practise.day2 -->
