<?xml version="1.0" encoding="UTF-8"?>
<!-- Generated by org.testng.reporters.JUnitReportReporter -->
<testsuite hostname="MAVCHN1121234" failures="0" tests="3" name="Practise.day1" time="0.059" errors="0" timestamp="2024-05-19T00:08:22 IST" skipped="0">
  <testcase classname="Practise.day1" name="Demo" time="0.041"/>
  <testcase classname="Practise.day1" name="DemoThird" time="0.010"/>
  <testcase classname="Practise.day1" name="DemoSecond" time="0.008"/>
</testsuite> <!-- Practise.day1 -->
